# JRE version: OpenJDK Runtime Environment (11.0.6+8) (build 11.0.6+8-b520.43)
# Java VM: OpenJDK 64-Bit Server VM (11.0.6+8-b520.43, mixed mode, tiered, compressed oops, concurrent mark sweep gc, linux-amd64)
Heap:
 par new generation   total 224768K, used 29501K [0x00000000c2600000, 0x00000000d19e0000, 0x00000000d6e00000)
  eden space 199808K,  14% used [0x00000000c2600000, 0x00000000c41c1ef0, 0x00000000ce920000)
  from space 24960K,   4% used [0x00000000d0180000, 0x00000000d028d780, 0x00000000d19e0000)
  to   space 24960K,   0% used [0x00000000ce920000, 0x00000000ce920000, 0x00000000d0180000)
 concurrent mark-sweep generation total 499280K, used 159974K [0x00000000d6e00000, 0x00000000f5594000, 0x0000000100000000)
 Metaspace       used 417361K, capacity 433440K, committed 435300K, reserved 1423360K
  class space    used 54423K, capacity 60501K, committed 60948K, reserved 1048576K
GC Heap History (20 events):
Event: 16655.671 GC heap before
{Heap before GC invocations=706 (full 20):
 par new generation   total 224768K, used 224556K [0x00000000c2600000, 0x00000000d19e0000, 0x00000000d6e00000)
  eden space 199808K,  99% used [0x00000000c2600000, 0x00000000ce8eb220, 0x00000000ce920000)
  from space 24960K, 100% used [0x00000000d0180000, 0x00000000d19e0000, 0x00000000d19e0000)
  to   space 24960K,   0% used [0x00000000ce920000, 0x00000000ce920000, 0x00000000d0180000)
 concurrent mark-sweep generation total 499280K, used 193729K [0x00000000d6e00000, 0x00000000f5594000, 0x0000000100000000)
 Metaspace       used 418109K, capacity 434371K, committed 435044K, reserved 1423360K
  class space    used 54508K, capacity 60651K, committed 60948K, reserved 1048576K
}
Event: 16655.795 GC heap after
{Heap after GC invocations=707 (full 20):
 par new generation   total 224768K, used 24960K [0x00000000c2600000, 0x00000000d19e0000, 0x00000000d6e00000)
  eden space 199808K,   0% used [0x00000000c2600000, 0x00000000c2600000, 0x00000000ce920000)
  from space 24960K, 100% used [0x00000000ce920000, 0x00000000d0180000, 0x00000000d0180000)
  to   space 24960K,   0% used [0x00000000d0180000, 0x00000000d0180000, 0x00000000d19e0000)
 concurrent mark-sweep generation total 499280K, used 215058K [0x00000000d6e00000, 0x00000000f5594000, 0x0000000100000000)
 Metaspace       used 418109K, capacity 434371K, committed 435044K, reserved 1423360K
  class space    used 54508K, capacity 60651K, committed 60948K, reserved 1048576K
}
Event: 18221.452 GC heap before
{Heap before GC invocations=707 (full 20):
 par new generation   total 224768K, used 147524K [0x00000000c2600000, 0x00000000d19e0000, 0x00000000d6e00000)
  eden space 199808K,  61% used [0x00000000c2600000, 0x00000000c9db1040, 0x00000000ce920000)
  from space 24960K, 100% used [0x00000000ce920000, 0x00000000d0180000, 0x00000000d0180000)
  to   space 24960K,   0% used [0x00000000d0180000, 0x00000000d0180000, 0x00000000d19e0000)
 concurrent mark-sweep generation total 499280K, used 215058K [0x00000000d6e00000, 0x00000000f5594000, 0x0000000100000000)
 Metaspace       used 418120K, capacity 434437K, committed 435300K, reserved 1423360K
  class space    used 54508K, capacity 60651K, committed 60948K, reserved 1048576K
}
Event: 18222.451 GC heap after
{Heap after GC invocations=708 (full 21):
 par new generation   total 224832K, used 0K [0x00000000c2600000, 0x00000000d19f0000, 0x00000000d6e00000)
  eden space 199872K,   0% used [0x00000000c2600000, 0x00000000c2600000, 0x00000000ce930000)
  from space 24960K,   0% used [0x00000000ce930000, 0x00000000ce930000, 0x00000000d0190000)
  to   space 24960K,   0% used [0x00000000d0190000, 0x00000000d0190000, 0x00000000d19f0000)
 concurrent mark-sweep generation total 499280K, used 196054K [0x00000000d6e00000, 0x00000000f5594000, 0x0000000100000000)
 Metaspace       used 417725K, capacity 433972K, committed 435300K, reserved 1423360K
  class space    used 54472K, capacity 60591K, committed 60948K, reserved 1048576K
}
Event: 20734.671 GC heap before
{Heap before GC invocations=708 (full 21):
 par new generation   total 224832K, used 199695K [0x00000000c2600000, 0x00000000d19f0000, 0x00000000d6e00000)
  eden space 199872K,  99% used [0x00000000c2600000, 0x00000000ce903e00, 0x00000000ce930000)
  from space 24960K,   0% used [0x00000000ce930000, 0x00000000ce930000, 0x00000000d0190000)
  to   space 24960K,   0% used [0x00000000d0190000, 0x00000000d0190000, 0x00000000d19f0000)
 concurrent mark-sweep generation total 499280K, used 196054K [0x00000000d6e00000, 0x00000000f5594000, 0x0000000100000000)
 Metaspace       used 417801K, capacity 434010K, committed 435300K, reserved 1423360K
  class space    used 54474K, capacity 60596K, committed 60948K, reserved 1048576K
}
Event: 20734.678 GC heap after
{Heap after GC invocations=709 (full 21):
 par new generation   total 224832K, used 20258K [0x00000000c2600000, 0x00000000d19f0000, 0x00000000d6e00000)
  eden space 199872K,   0% used [0x00000000c2600000, 0x00000000c2600000, 0x00000000ce930000)
  from space 24960K,  81% used [0x00000000d0190000, 0x00000000d1558ae0, 0x00000000d19f0000)
  to   space 24960K,   0% used [0x00000000ce930000, 0x00000000ce930000, 0x00000000d0190000)
 concurrent mark-sweep generation total 499280K, used 196054K [0x00000000d6e00000, 0x00000000f5594000, 0x0000000100000000)
 Metaspace       used 417801K, capacity 434010K, committed 435300K, reserved 1423360K
  class space    used 54474K, capacity 60596K, committed 60948K, reserved 1048576K
}
Event: 21273.019 GC heap before
{Heap before GC invocations=709 (full 21):
 par new generation   total 224832K, used 220130K [0x00000000c2600000, 0x00000000d19f0000, 0x00000000d6e00000)
  eden space 199872K, 100% used [0x00000000c2600000, 0x00000000ce930000, 0x00000000ce930000)
  from space 24960K,  81% used [0x00000000d0190000, 0x00000000d1558ae0, 0x00000000d19f0000)
  to   space 24960K,   0% used [0x00000000ce930000, 0x00000000ce930000, 0x00000000d0190000)
 concurrent mark-sweep generation total 499280K, used 196054K [0x00000000d6e00000, 0x00000000f5594000, 0x0000000100000000)
 Metaspace       used 417879K, capacity 434108K, committed 435300K, reserved 1423360K
  class space    used 54479K, capacity 60603K, committed 60948K, reserved 1048576K
}
Event: 21273.050 GC heap after
{Heap after GC invocations=710 (full 21):
 par new generation   total 224832K, used 23514K [0x00000000c2600000, 0x00000000d19f0000, 0x00000000d6e00000)
  eden space 199872K,   0% used [0x00000000c2600000, 0x00000000c2600000, 0x00000000ce930000)
  from space 24960K,  94% used [0x00000000ce930000, 0x00000000d0026858, 0x00000000d0190000)
  to   space 24960K,   0% used [0x00000000d0190000, 0x00000000d0190000, 0x00000000d19f0000)
 concurrent mark-sweep generation total 499280K, used 196054K [0x00000000d6e00000, 0x00000000f5594000, 0x0000000100000000)
 Metaspace       used 417879K, capacity 434108K, committed 435300K, reserved 1423360K
  class space    used 54479K, capacity 60603K, committed 60948K, reserved 1048576K
}
Event: 21822.452 GC heap before
{Heap before GC invocations=710 (full 21):
 par new generation   total 224832K, used 67537K [0x00000000c2600000, 0x00000000d19f0000, 0x00000000d6e00000)
  eden space 199872K,  22% used [0x00000000c2600000, 0x00000000c50fdea8, 0x00000000ce930000)
  from space 24960K,  94% used [0x00000000ce930000, 0x00000000d0026858, 0x00000000d0190000)
  to   space 24960K,   0% used [0x00000000d0190000, 0x00000000d0190000, 0x00000000d19f0000)
 concurrent mark-sweep generation total 499280K, used 196054K [0x00000000d6e00000, 0x00000000f5594000, 0x0000000100000000)
 Metaspace       used 417911K, capacity 434211K, committed 435300K, reserved 1423360K
  class space    used 54483K, capacity 60610K, committed 60948K, reserved 1048576K
}
Event: 21823.361 GC heap after
{Heap after GC invocations=711 (full 22):
 par new generation   total 224768K, used 0K [0x00000000c2600000, 0x00000000d19e0000, 0x00000000d6e00000)
  eden space 199808K,   0% used [0x00000000c2600000, 0x00000000c2600000, 0x00000000ce920000)
  from space 24960K,   0% used [0x00000000ce920000, 0x00000000ce920000, 0x00000000d0180000)
  to   space 24960K,   0% used [0x00000000d0180000, 0x00000000d0180000, 0x00000000d19e0000)
 concurrent mark-sweep generation total 499280K, used 170797K [0x00000000d6e00000, 0x00000000f5594000, 0x0000000100000000)
 Metaspace       used 417681K, capacity 433854K, committed 435300K, reserved 1423360K
  class space    used 54449K, capacity 60547K, committed 60948K, reserved 1048576K
}
Event: 25037.778 GC heap before
{Heap before GC invocations=711 (full 22):
 par new generation   total 224768K, used 199808K [0x00000000c2600000, 0x00000000d19e0000, 0x00000000d6e00000)
  eden space 199808K, 100% used [0x00000000c2600000, 0x00000000ce920000, 0x00000000ce920000)
  from space 24960K,   0% used [0x00000000ce920000, 0x00000000ce920000, 0x00000000d0180000)
  to   space 24960K,   0% used [0x00000000d0180000, 0x00000000d0180000, 0x00000000d19e0000)
 concurrent mark-sweep generation total 499280K, used 170797K [0x00000000d6e00000, 0x00000000f5594000, 0x0000000100000000)
 Metaspace       used 417685K, capacity 433854K, committed 435300K, reserved 1423360K
  class space    used 54449K, capacity 60547K, committed 60948K, reserved 1048576K
}
Event: 25038.148 GC heap after
{Heap after GC invocations=712 (full 22):
 par new generation   total 224768K, used 12763K [0x00000000c2600000, 0x00000000d19e0000, 0x00000000d6e00000)
  eden space 199808K,   0% used [0x00000000c2600000, 0x00000000c2600000, 0x00000000ce920000)
  from space 24960K,  51% used [0x00000000d0180000, 0x00000000d0df6fc8, 0x00000000d19e0000)
  to   space 24960K,   0% used [0x00000000ce920000, 0x00000000ce920000, 0x00000000d0180000)
 concurrent mark-sweep generation total 499280K, used 170797K [0x00000000d6e00000, 0x00000000f5594000, 0x0000000100000000)
 Metaspace       used 417685K, capacity 433854K, committed 435300K, reserved 1423360K
  class space    used 54449K, capacity 60547K, committed 60948K, reserved 1048576K
}
Event: 25423.363 GC heap before
{Heap before GC invocations=712 (full 22):
 par new generation   total 224768K, used 38038K [0x00000000c2600000, 0x00000000d19e0000, 0x00000000d6e00000)
  eden space 199808K,  12% used [0x00000000c2600000, 0x00000000c3eaea90, 0x00000000ce920000)
  from space 24960K,  51% used [0x00000000d0180000, 0x00000000d0df6fc8, 0x00000000d19e0000)
  to   space 24960K,   0% used [0x00000000ce920000, 0x00000000ce920000, 0x00000000d0180000)
 concurrent mark-sweep generation total 499280K, used 170797K [0x00000000d6e00000, 0x00000000f5594000, 0x0000000100000000)
 Metaspace       used 417685K, capacity 433854K, committed 435300K, reserved 1423360K
  class space    used 54449K, capacity 60547K, committed 60948K, reserved 1048576K
}
Event: 25424.284 GC heap after
{Heap after GC invocations=713 (full 23):
 par new generation   total 224768K, used 0K [0x00000000c2600000, 0x00000000d19e0000, 0x00000000d6e00000)
  eden space 199808K,   0% used [0x00000000c2600000, 0x00000000c2600000, 0x00000000ce920000)
  from space 24960K,   0% used [0x00000000d0180000, 0x00000000d0180000, 0x00000000d19e0000)
  to   space 24960K,   0% used [0x00000000ce920000, 0x00000000ce920000, 0x00000000d0180000)
 concurrent mark-sweep generation total 499280K, used 159980K [0x00000000d6e00000, 0x00000000f5594000, 0x0000000100000000)
 Metaspace       used 417302K, capacity 433413K, committed 435300K, reserved 1423360K
  class space    used 54417K, capacity 60494K, committed 60948K, reserved 1048576K
}
Event: 28685.011 GC heap before
{Heap before GC invocations=713 (full 23):
 par new generation   total 224768K, used 199808K [0x00000000c2600000, 0x00000000d19e0000, 0x00000000d6e00000)
  eden space 199808K, 100% used [0x00000000c2600000, 0x00000000ce920000, 0x00000000ce920000)
  from space 24960K,   0% used [0x00000000d0180000, 0x00000000d0180000, 0x00000000d19e0000)
  to   space 24960K,   0% used [0x00000000ce920000, 0x00000000ce920000, 0x00000000d0180000)
 concurrent mark-sweep generation total 499280K, used 159980K [0x00000000d6e00000, 0x00000000f5594000, 0x0000000100000000)
 Metaspace       used 417320K, capacity 433425K, committed 435300K, reserved 1423360K
  class space    used 54418K, capacity 60496K, committed 60948K, reserved 1048576K
}
Event: 28685.017 GC heap after
{Heap after GC invocations=714 (full 23):
 par new generation   total 224768K, used 4291K [0x00000000c2600000, 0x00000000d19e0000, 0x00000000d6e00000)
  eden space 199808K,   0% used [0x00000000c2600000, 0x00000000c2600000, 0x00000000ce920000)
  from space 24960K,  17% used [0x00000000ce920000, 0x00000000ced50fe0, 0x00000000d0180000)
  to   space 24960K,   0% used [0x00000000d0180000, 0x00000000d0180000, 0x00000000d19e0000)
 concurrent mark-sweep generation total 499280K, used 159980K [0x00000000d6e00000, 0x00000000f5594000, 0x0000000100000000)
 Metaspace       used 417320K, capacity 433425K, committed 435300K, reserved 1423360K
  class space    used 54418K, capacity 60496K, committed 60948K, reserved 1048576K
}
Event: 29024.284 GC heap before
{Heap before GC invocations=714 (full 23):
 par new generation   total 224768K, used 25787K [0x00000000c2600000, 0x00000000d19e0000, 0x00000000d6e00000)
  eden space 199808K,  10% used [0x00000000c2600000, 0x00000000c3afdc38, 0x00000000ce920000)
  from space 24960K,  17% used [0x00000000ce920000, 0x00000000ced50fe0, 0x00000000d0180000)
  to   space 24960K,   0% used [0x00000000d0180000, 0x00000000d0180000, 0x00000000d19e0000)
 concurrent mark-sweep generation total 499280K, used 159980K [0x00000000d6e00000, 0x00000000f5594000, 0x0000000100000000)
 Metaspace       used 417320K, capacity 433425K, committed 435300K, reserved 1423360K
  class space    used 54418K, capacity 60496K, committed 60948K, reserved 1048576K
}
Event: 29025.146 GC heap after
{Heap after GC invocations=715 (full 24):
 par new generation   total 224768K, used 0K [0x00000000c2600000, 0x00000000d19e0000, 0x00000000d6e00000)
  eden space 199808K,   0% used [0x00000000c2600000, 0x00000000c2600000, 0x00000000ce920000)
  from space 24960K,   0% used [0x00000000ce920000, 0x00000000ce920000, 0x00000000d0180000)
  to   space 24960K,   0% used [0x00000000d0180000, 0x00000000d0180000, 0x00000000d19e0000)
 concurrent mark-sweep generation total 499280K, used 159974K [0x00000000d6e00000, 0x00000000f5594000, 0x0000000100000000)
 Metaspace       used 417312K, capacity 433413K, committed 435300K, reserved 1423360K
  class space    used 54417K, capacity 60494K, committed 60948K, reserved 1048576K
}
Event: 32255.038 GC heap before
{Heap before GC invocations=715 (full 24):
 par new generation   total 224768K, used 199808K [0x00000000c2600000, 0x00000000d19e0000, 0x00000000d6e00000)
  eden space 199808K, 100% used [0x00000000c2600000, 0x00000000ce920000, 0x00000000ce920000)
  from space 24960K,   0% used [0x00000000ce920000, 0x00000000ce920000, 0x00000000d0180000)
  to   space 24960K,   0% used [0x00000000d0180000, 0x00000000d0180000, 0x00000000d19e0000)
 concurrent mark-sweep generation total 499280K, used 159974K [0x00000000d6e00000, 0x00000000f5594000, 0x0000000100000000)
 Metaspace       used 417328K, capacity 433425K, committed 435300K, reserved 1423360K
  class space    used 54418K, capacity 60496K, committed 60948K, reserved 1048576K
}
Event: 32255.043 GC heap after
{Heap after GC invocations=716 (full 24):
 par new generation   total 224768K, used 1077K [0x00000000c2600000, 0x00000000d19e0000, 0x00000000d6e00000)
  eden space 199808K,   0% used [0x00000000c2600000, 0x00000000c2600000, 0x00000000ce920000)
  from space 24960K,   4% used [0x00000000d0180000, 0x00000000d028d780, 0x00000000d19e0000)
  to   space 24960K,   0% used [0x00000000ce920000, 0x00000000ce920000, 0x00000000d0180000)
 concurrent mark-sweep generation total 499280K, used 159974K [0x00000000d6e00000, 0x00000000f5594000, 0x0000000100000000)
 Metaspace       used 417328K, capacity 433425K, committed 435300K, reserved 1423360K
  class space    used 54418K, capacity 60496K, committed 60948K, reserved 1048576K
}

